<?xml version="1.0" encoding="UTF-8"?>
<!-- Generated by org.testng.reporters.JUnitXMLReporter -->
<testsuite ignored="0" hostname="LAPTOP-H0GFDE3R" failures="0" tests="4" name="Test" time="25.837" errors="0" timestamp="2022-01-02T14:48:09 EST">
  <testcase classname="tests.HomePageTest" name="basePageNavigation" time="7.23"/>
  <testcase classname="tests.HomePageTest" name="basePageNavigation" time="6.79"/>
  <testcase classname="tests.validatedTitleTest" name="validatedHomePageTitle" time="0.042"/>
  <testcase classname="tests.ValidatedNavigationBarTest" name="validatedNavigationBar" time="0.063"/>
</testsuite> <!-- Test -->
