<?xml version="1.0" encoding="UTF-8"?>
<!-- Generated by org.testng.reporters.JUnitXMLReporter -->
<testsuite ignored="0" hostname="LAPTOP-H0GFDE3R" failures="1" tests="1" name="validationTitle" time="8.507" errors="0" timestamp="28 Jan 2022 16:40:48 GMT">
  <testcase classname="tests1.ValidatedTitleTest" name="validatedHomePageTitle" time="0.071">
    <failure type="java.lang.AssertionError" message="expected [FEATURED COURSES234] but found [FEATURED COURSES]">
      <![CDATA[java.lang.AssertionError: expected [FEATURED COURSES234] but found [FEATURED COURSES]
at tests1.ValidatedTitleTest.validatedHomePageTitle(ValidatedTitleTest.java:33)
at java.base/java.util.concurrent.FutureTask.run(FutureTask.java:264)
at java.base/java.util.concurrent.ThreadPoolExecutor.runWorker(ThreadPoolExecutor.java:1130)
at java.base/java.util.concurrent.ThreadPoolExecutor$Worker.run(ThreadPoolExecutor.java:630)
at java.base/java.lang.Thread.run(Thread.java:831)
... Removed 22 stack frames]]>
    </failure>
  </testcase> <!-- validatedHomePageTitle -->
</testsuite> <!-- validationTitle -->
